2019-01-18 07:52:58,223 urllib3.connectionpool Starting new HTTPS connection (1): ansiwindows:5986
2019-01-18 07:52:58,584 p=11901 u=dinesh |  ansiwindows | UNREACHABLE! => {
    "changed": false, 
    "msg": "ssl: HTTPSConnectionPool(host='ansiwindows', port=5986): Max retries exceeded with url: /wsman (Caused by NewConnectionError('<urllib3.connection.VerifiedHTTPSConnection object at 0x7f1889e35d90>: Failed to establish a new connection: [Errno -2] Name or service not known',))", 
    "unreachable": true
}
2019-01-18 07:53:42,021 urllib3.connectionpool Starting new HTTPS connection (1): ansiwindows:5986
2019-01-18 07:53:42,377 p=11912 u=dinesh |  ansiwindows | UNREACHABLE! => {
    "changed": false, 
    "msg": "ssl: HTTPSConnectionPool(host='ansiwindows', port=5986): Max retries exceeded with url: /wsman (Caused by NewConnectionError('<urllib3.connection.VerifiedHTTPSConnection object at 0x7fe74a66dd90>: Failed to establish a new connection: [Errno -2] Name or service not known',))", 
    "unreachable": true
}
2019-01-18 08:20:49,673 urllib3.connectionpool Starting new HTTPS connection (1): ansiwindows:5986
2019-01-18 08:20:49,754 p=11932 u=dinesh |  ansiwindows | UNREACHABLE! => {
    "changed": false, 
    "msg": "ssl: HTTPSConnectionPool(host='ansiwindows', port=5986): Max retries exceeded with url: /wsman (Caused by SSLError(SSLError(1, u'[SSL: CERTIFICATE_VERIFY_FAILED] certificate verify failed (_ssl.c:590)'),))", 
    "unreachable": true
}
2019-01-18 08:24:27,748 urllib3.connectionpool Starting new HTTPS connection (1): ansiwindows:5986
2019-01-18 08:24:27,785 urllib3.connectionpool https://ansiwindows:5986 "POST /wsman HTTP/1.1" 401 0
2019-01-18 08:24:27,792 p=11949 u=dinesh |  ansiwindows | UNREACHABLE! => {
    "changed": false, 
    "msg": "ssl: the specified credentials were rejected by the server", 
    "unreachable": true
}
2019-01-18 08:26:30,177 urllib3.connectionpool Starting new HTTPS connection (1): ansiwindows:5986
2019-01-18 08:26:30,194 urllib3.connectionpool https://ansiwindows:5986 "POST /wsman HTTP/1.1" 401 0
2019-01-18 08:26:30,199 urllib3.connectionpool Resetting dropped connection: ansiwindows
2019-01-18 08:26:30,211 urllib3.connectionpool https://ansiwindows:5986 "POST /wsman HTTP/1.1" 401 0
2019-01-18 08:26:30,379 urllib3.connectionpool https://ansiwindows:5986 "POST /wsman HTTP/1.1" 200 1641
2019-01-18 08:26:30,396 urllib3.connectionpool https://ansiwindows:5986 "POST /wsman HTTP/1.1" 200 847
2019-01-18 08:26:31,144 urllib3.connectionpool https://ansiwindows:5986 "POST /wsman HTTP/1.1" 200 753
2019-01-18 08:26:31,913 urllib3.connectionpool https://ansiwindows:5986 "POST /wsman HTTP/1.1" 200 998
2019-01-18 08:26:32,598 urllib3.connectionpool https://ansiwindows:5986 "POST /wsman HTTP/1.1" 200 2031
2019-01-18 08:26:32,606 urllib3.connectionpool https://ansiwindows:5986 "POST /wsman HTTP/1.1" 200 757
2019-01-18 08:26:32,613 urllib3.connectionpool https://ansiwindows:5986 "POST /wsman HTTP/1.1" 200 602
2019-01-18 08:26:32,620 p=11962 u=dinesh |  ansiwindows | SUCCESS => {
    "changed": false, 
    "ping": "pong"
}
2019-01-18 08:38:49,740 urllib3.connectionpool Starting new HTTPS connection (1): ansiwindows:5986
2019-01-18 08:38:49,754 urllib3.connectionpool https://ansiwindows:5986 "POST /wsman HTTP/1.1" 401 0
2019-01-18 08:38:49,758 urllib3.connectionpool Resetting dropped connection: ansiwindows
2019-01-18 08:38:49,769 urllib3.connectionpool https://ansiwindows:5986 "POST /wsman HTTP/1.1" 401 0
2019-01-18 08:38:49,901 urllib3.connectionpool https://ansiwindows:5986 "POST /wsman HTTP/1.1" 200 1641
2019-01-18 08:38:49,919 urllib3.connectionpool https://ansiwindows:5986 "POST /wsman HTTP/1.1" 200 847
2019-01-18 08:38:50,576 urllib3.connectionpool https://ansiwindows:5986 "POST /wsman HTTP/1.1" 200 753
2019-01-18 08:38:51,307 urllib3.connectionpool https://ansiwindows:5986 "POST /wsman HTTP/1.1" 200 998
2019-01-18 08:38:51,702 urllib3.connectionpool https://ansiwindows:5986 "POST /wsman HTTP/1.1" 200 2031
2019-01-18 08:38:51,712 urllib3.connectionpool https://ansiwindows:5986 "POST /wsman HTTP/1.1" 200 757
2019-01-18 08:38:51,724 urllib3.connectionpool https://ansiwindows:5986 "POST /wsman HTTP/1.1" 200 602
2019-01-18 08:38:51,755 p=11976 u=dinesh |  ansiwindows | SUCCESS => {
    "changed": false, 
    "ping": "pong"
}
2019-01-18 08:48:30,690 urllib3.connectionpool Starting new HTTPS connection (1): ansiwindows:5986
2019-01-18 08:48:30,733 urllib3.connectionpool https://ansiwindows:5986 "POST /wsman HTTP/1.1" 401 0
2019-01-18 08:48:30,738 urllib3.connectionpool Resetting dropped connection: ansiwindows
2019-01-18 08:48:30,753 urllib3.connectionpool https://ansiwindows:5986 "POST /wsman HTTP/1.1" 401 0
2019-01-18 08:48:30,918 urllib3.connectionpool https://ansiwindows:5986 "POST /wsman HTTP/1.1" 200 1641
2019-01-18 08:48:30,943 urllib3.connectionpool https://ansiwindows:5986 "POST /wsman HTTP/1.1" 200 847
2019-01-18 08:48:31,744 urllib3.connectionpool https://ansiwindows:5986 "POST /wsman HTTP/1.1" 200 753
2019-01-18 08:48:32,568 urllib3.connectionpool https://ansiwindows:5986 "POST /wsman HTTP/1.1" 200 998
2019-01-18 08:48:33,330 urllib3.connectionpool https://ansiwindows:5986 "POST /wsman HTTP/1.1" 200 2031
2019-01-18 08:48:33,340 urllib3.connectionpool https://ansiwindows:5986 "POST /wsman HTTP/1.1" 200 757
2019-01-18 08:48:33,353 urllib3.connectionpool https://ansiwindows:5986 "POST /wsman HTTP/1.1" 200 602
2019-01-18 08:48:33,401 p=11996 u=dinesh |  ansiwindows | SUCCESS => {
    "changed": false, 
    "ping": "pong"
}
2019-01-18 08:48:48,559 urllib3.connectionpool Starting new HTTPS connection (1): ansiwindows:5986
2019-01-18 08:48:48,586 urllib3.connectionpool https://ansiwindows:5986 "POST /wsman HTTP/1.1" 401 0
2019-01-18 08:48:48,590 urllib3.connectionpool Resetting dropped connection: ansiwindows
2019-01-18 08:48:48,603 urllib3.connectionpool https://ansiwindows:5986 "POST /wsman HTTP/1.1" 401 0
2019-01-18 08:48:48,612 urllib3.connectionpool https://ansiwindows:5986 "POST /wsman HTTP/1.1" 401 0
2019-01-18 08:48:48,621 p=12008 u=dinesh |  ansiwindows | UNREACHABLE! => {
    "changed": false, 
    "msg": "ntlm: the specified credentials were rejected by the server", 
    "unreachable": true
}
2019-01-18 08:49:54,459 urllib3.connectionpool Starting new HTTPS connection (1): ansiwindows:5986
2019-01-18 08:49:54,476 urllib3.connectionpool https://ansiwindows:5986 "POST /wsman HTTP/1.1" 401 0
2019-01-18 08:49:54,482 urllib3.connectionpool Resetting dropped connection: ansiwindows
2019-01-18 08:49:54,503 urllib3.connectionpool https://ansiwindows:5986 "POST /wsman HTTP/1.1" 401 0
2019-01-18 08:49:54,643 urllib3.connectionpool https://ansiwindows:5986 "POST /wsman HTTP/1.1" 200 1641
2019-01-18 08:49:54,660 urllib3.connectionpool https://ansiwindows:5986 "POST /wsman HTTP/1.1" 200 847
2019-01-18 08:49:55,757 urllib3.connectionpool https://ansiwindows:5986 "POST /wsman HTTP/1.1" 200 753
2019-01-18 08:49:56,608 urllib3.connectionpool https://ansiwindows:5986 "POST /wsman HTTP/1.1" 200 998
2019-01-18 08:49:57,721 urllib3.connectionpool https://ansiwindows:5986 "POST /wsman HTTP/1.1" 200 2031
2019-01-18 08:49:57,735 urllib3.connectionpool https://ansiwindows:5986 "POST /wsman HTTP/1.1" 200 757
2019-01-18 08:49:57,755 urllib3.connectionpool https://ansiwindows:5986 "POST /wsman HTTP/1.1" 200 602
2019-01-18 08:49:57,800 p=12020 u=dinesh |  ansiwindows | SUCCESS => {
    "changed": false, 
    "ping": "pong"
}
2019-01-18 09:00:19,937 urllib3.connectionpool Starting new HTTPS connection (1): ansiwindows:5986
2019-01-18 09:00:19,966 urllib3.connectionpool https://ansiwindows:5986 "POST /wsman HTTP/1.1" 401 0
2019-01-18 09:00:19,969 urllib3.connectionpool Resetting dropped connection: ansiwindows
2019-01-18 09:00:19,984 urllib3.connectionpool https://ansiwindows:5986 "POST /wsman HTTP/1.1" 401 0
2019-01-18 09:00:20,172 urllib3.connectionpool https://ansiwindows:5986 "POST /wsman HTTP/1.1" 200 1641
2019-01-18 09:00:20,190 urllib3.connectionpool https://ansiwindows:5986 "POST /wsman HTTP/1.1" 200 847
2019-01-18 09:00:21,138 urllib3.connectionpool https://ansiwindows:5986 "POST /wsman HTTP/1.1" 200 753
2019-01-18 09:00:21,945 urllib3.connectionpool https://ansiwindows:5986 "POST /wsman HTTP/1.1" 200 998
2019-01-18 09:00:22,615 urllib3.connectionpool https://ansiwindows:5986 "POST /wsman HTTP/1.1" 200 2031
2019-01-18 09:00:22,625 urllib3.connectionpool https://ansiwindows:5986 "POST /wsman HTTP/1.1" 200 757
2019-01-18 09:00:22,634 urllib3.connectionpool https://ansiwindows:5986 "POST /wsman HTTP/1.1" 200 602
2019-01-18 09:00:22,669 p=12033 u=dinesh |  ansiwindows | SUCCESS => {
    "changed": false, 
    "ping": "pong"
}
2019-01-18 09:09:36,493 p=12048 u=dinesh |   [WARNING]: Could not match supplied host pattern, ignoring: mywin2

2019-01-18 09:09:36,493 p=12048 u=dinesh |   [WARNING]: No hosts matched, nothing to do

2019-01-18 09:09:48,023 urllib3.connectionpool Starting new HTTPS connection (1): ansiwindows:5986
2019-01-18 09:09:48,051 urllib3.connectionpool https://ansiwindows:5986 "POST /wsman HTTP/1.1" 401 0
2019-01-18 09:09:48,057 urllib3.connectionpool Resetting dropped connection: ansiwindows
2019-01-18 09:09:48,077 urllib3.connectionpool https://ansiwindows:5986 "POST /wsman HTTP/1.1" 401 0
2019-01-18 09:09:48,288 urllib3.connectionpool https://ansiwindows:5986 "POST /wsman HTTP/1.1" 200 1641
2019-01-18 09:09:48,317 urllib3.connectionpool https://ansiwindows:5986 "POST /wsman HTTP/1.1" 200 847
2019-01-18 09:09:49,454 urllib3.connectionpool https://ansiwindows:5986 "POST /wsman HTTP/1.1" 200 753
2019-01-18 09:09:50,367 urllib3.connectionpool https://ansiwindows:5986 "POST /wsman HTTP/1.1" 200 998
2019-01-18 09:09:51,474 urllib3.connectionpool https://ansiwindows:5986 "POST /wsman HTTP/1.1" 200 2031
2019-01-18 09:09:51,490 urllib3.connectionpool https://ansiwindows:5986 "POST /wsman HTTP/1.1" 200 757
2019-01-18 09:09:51,505 urllib3.connectionpool https://ansiwindows:5986 "POST /wsman HTTP/1.1" 200 602
2019-01-18 09:09:51,548 p=12055 u=dinesh |  ansiwindows | SUCCESS => {
    "changed": false, 
    "ping": "pong"
}
2019-01-18 09:28:04,881 urllib3.connectionpool Starting new HTTPS connection (1): ansiwindows:5986
2019-01-18 09:28:04,907 urllib3.connectionpool https://ansiwindows:5986 "POST /wsman HTTP/1.1" 401 0
2019-01-18 09:28:04,911 urllib3.connectionpool Resetting dropped connection: ansiwindows
2019-01-18 09:28:04,931 urllib3.connectionpool https://ansiwindows:5986 "POST /wsman HTTP/1.1" 401 0
2019-01-18 09:28:05,143 urllib3.connectionpool https://ansiwindows:5986 "POST /wsman HTTP/1.1" 200 1641
2019-01-18 09:28:05,173 urllib3.connectionpool https://ansiwindows:5986 "POST /wsman HTTP/1.1" 200 847
2019-01-18 09:28:06,261 urllib3.connectionpool https://ansiwindows:5986 "POST /wsman HTTP/1.1" 200 753
2019-01-18 09:28:07,114 urllib3.connectionpool https://ansiwindows:5986 "POST /wsman HTTP/1.1" 200 998
2019-01-18 09:28:08,470 urllib3.connectionpool https://ansiwindows:5986 "POST /wsman HTTP/1.1" 200 2575
2019-01-18 09:28:08,487 urllib3.connectionpool https://ansiwindows:5986 "POST /wsman HTTP/1.1" 200 757
2019-01-18 09:28:08,503 urllib3.connectionpool https://ansiwindows:5986 "POST /wsman HTTP/1.1" 200 602
2019-01-18 09:28:08,542 p=12161 u=dinesh |  ansiwindows | FAILED! => {
    "changed": false, 
    "checksum": "a94a8fe5ccb19ba61c4c0873d391e987982fbbd3", 
    "dest": "C:\u0007nsible.txt", 
    "module_stderr": "Test-Path : Cannot bind argument to parameter 'Path' because it is an empty string.At line:213 char:42+             if (-not (Test-Path -IsValid $value)) {+                                          ~~~~~~    + CategoryInfo          : InvalidData: (:) [Test-Path], ParentContainsErrorRecordException    + FullyQualifiedErrorId : ParameterArgumentValidationErrorEmptyStringNotAllowed,Microsoft.PowerShell.Commands.Test    PathCommand ", 
    "module_stdout": "", 
    "msg": "MODULE FAILURE\nSee stdout/stderr for the exact error", 
    "operation": "file_copy", 
    "original_basename": "tmpz660Me", 
    "rc": 1, 
    "size": 4, 
    "src": null
}
2019-01-18 09:29:15,980 urllib3.connectionpool Starting new HTTPS connection (1): ansiwindows:5986
2019-01-18 09:29:16,129 urllib3.connectionpool https://ansiwindows:5986 "POST /wsman HTTP/1.1" 401 0
2019-01-18 09:29:16,136 urllib3.connectionpool Resetting dropped connection: ansiwindows
2019-01-18 09:29:16,241 urllib3.connectionpool https://ansiwindows:5986 "POST /wsman HTTP/1.1" 401 0
2019-01-18 09:29:16,881 urllib3.connectionpool https://ansiwindows:5986 "POST /wsman HTTP/1.1" 200 1641
2019-01-18 09:29:17,050 urllib3.connectionpool https://ansiwindows:5986 "POST /wsman HTTP/1.1" 200 847
2019-01-18 09:29:18,462 urllib3.connectionpool https://ansiwindows:5986 "POST /wsman HTTP/1.1" 200 753
2019-01-18 09:29:19,325 urllib3.connectionpool https://ansiwindows:5986 "POST /wsman HTTP/1.1" 200 998
2019-01-18 09:29:20,443 p=12171 u=dinesh |   [ERROR]: User interrupted execution

2019-01-18 09:29:20,463 urllib3.connectionpool Starting new HTTPS connection (2): ansiwindows:5986
2019-01-18 09:29:20,572 urllib3.connectionpool https://ansiwindows:5986 "POST /wsman HTTP/1.1" 401 0
2019-01-18 09:29:20,578 urllib3.connectionpool Resetting dropped connection: ansiwindows
2019-01-18 09:29:20,680 urllib3.connectionpool https://ansiwindows:5986 "POST /wsman HTTP/1.1" 401 0
2019-01-18 09:29:20,879 urllib3.connectionpool https://ansiwindows:5986 "POST /wsman HTTP/1.1" 200 757
2019-01-18 09:29:20,894 urllib3.connectionpool https://ansiwindows:5986 "POST /wsman HTTP/1.1" 200 602
2019-01-18 09:29:33,482 p=12179 u=dinesh |  An exception occurred during task execution. To see the full traceback, use -vvv. The error was: If you are using a module and expect the file to exist on the remote, see the remote_src option
2019-01-18 09:29:33,483 p=12179 u=dinesh |  ansiwindows | FAILED! => {
    "changed": false, 
    "dest": "C:\u0007nsible.txt", 
    "msg": "Could not find or access '/hosts.yml' on the Ansible Controller.\nIf you are using a module and expect the file to exist on the remote, see the remote_src option", 
    "src": "/hosts.yml"
}
2019-01-18 09:29:55,595 urllib3.connectionpool Starting new HTTPS connection (1): ansiwindows:5986
2019-01-18 09:29:55,622 urllib3.connectionpool https://ansiwindows:5986 "POST /wsman HTTP/1.1" 401 0
2019-01-18 09:29:55,631 urllib3.connectionpool Resetting dropped connection: ansiwindows
2019-01-18 09:29:55,651 urllib3.connectionpool https://ansiwindows:5986 "POST /wsman HTTP/1.1" 401 0
2019-01-18 09:29:55,884 urllib3.connectionpool https://ansiwindows:5986 "POST /wsman HTTP/1.1" 200 1641
2019-01-18 09:29:55,911 urllib3.connectionpool https://ansiwindows:5986 "POST /wsman HTTP/1.1" 200 847
2019-01-18 09:29:56,897 urllib3.connectionpool https://ansiwindows:5986 "POST /wsman HTTP/1.1" 200 753
2019-01-18 09:29:57,772 urllib3.connectionpool https://ansiwindows:5986 "POST /wsman HTTP/1.1" 200 998
2019-01-18 09:29:59,176 urllib3.connectionpool https://ansiwindows:5986 "POST /wsman HTTP/1.1" 200 2575
2019-01-18 09:29:59,187 urllib3.connectionpool https://ansiwindows:5986 "POST /wsman HTTP/1.1" 200 757
2019-01-18 09:29:59,201 urllib3.connectionpool https://ansiwindows:5986 "POST /wsman HTTP/1.1" 200 602
2019-01-18 09:29:59,222 p=12189 u=dinesh |  ansiwindows | FAILED! => {
    "changed": false, 
    "checksum": "d0d0731f5a6da64309eee98d21a0203f552ee146", 
    "dest": "C:\u0007nsible.txt", 
    "module_stderr": "Test-Path : Cannot bind argument to parameter 'Path' because it is an empty string.At line:213 char:42+             if (-not (Test-Path -IsValid $value)) {+                                          ~~~~~~    + CategoryInfo          : InvalidData: (:) [Test-Path], ParentContainsErrorRecordException    + FullyQualifiedErrorId : ParameterArgumentValidationErrorEmptyStringNotAllowed,Microsoft.PowerShell.Commands.Test    PathCommand ", 
    "module_stdout": "", 
    "msg": "MODULE FAILURE\nSee stdout/stderr for the exact error", 
    "operation": "file_copy", 
    "original_basename": "hosts.yml", 
    "rc": 1, 
    "size": 470, 
    "src": "hosts.yml"
}
2019-01-18 09:30:25,657 urllib3.connectionpool Starting new HTTPS connection (1): ansiwindows:5986
2019-01-18 09:30:25,676 urllib3.connectionpool https://ansiwindows:5986 "POST /wsman HTTP/1.1" 401 0
2019-01-18 09:30:25,681 urllib3.connectionpool Resetting dropped connection: ansiwindows
2019-01-18 09:30:25,697 urllib3.connectionpool https://ansiwindows:5986 "POST /wsman HTTP/1.1" 401 0
2019-01-18 09:30:25,889 urllib3.connectionpool https://ansiwindows:5986 "POST /wsman HTTP/1.1" 200 1641
2019-01-18 09:30:25,918 urllib3.connectionpool https://ansiwindows:5986 "POST /wsman HTTP/1.1" 200 847
2019-01-18 09:30:26,976 urllib3.connectionpool https://ansiwindows:5986 "POST /wsman HTTP/1.1" 200 753
2019-01-18 09:30:27,847 urllib3.connectionpool https://ansiwindows:5986 "POST /wsman HTTP/1.1" 200 998
2019-01-18 09:30:29,058 urllib3.connectionpool https://ansiwindows:5986 "POST /wsman HTTP/1.1" 200 2247
2019-01-18 09:30:29,071 urllib3.connectionpool https://ansiwindows:5986 "POST /wsman HTTP/1.1" 200 757
2019-01-18 09:30:29,103 urllib3.connectionpool https://ansiwindows:5986 "POST /wsman HTTP/1.1" 200 847
2019-01-18 09:30:31,176 urllib3.connectionpool https://ansiwindows:5986 "POST /wsman HTTP/1.1" 200 2503
2019-01-18 09:30:31,190 urllib3.connectionpool https://ansiwindows:5986 "POST /wsman HTTP/1.1" 200 757
2019-01-18 09:30:31,219 urllib3.connectionpool https://ansiwindows:5986 "POST /wsman HTTP/1.1" 200 847
2019-01-18 09:30:31,232 urllib3.connectionpool https://ansiwindows:5986 "POST /wsman HTTP/1.1" 200 753
2019-01-18 09:30:32,405 urllib3.connectionpool https://ansiwindows:5986 "POST /wsman HTTP/1.1" 200 2159
2019-01-18 09:30:32,417 urllib3.connectionpool https://ansiwindows:5986 "POST /wsman HTTP/1.1" 200 757
2019-01-18 09:30:32,449 urllib3.connectionpool https://ansiwindows:5986 "POST /wsman HTTP/1.1" 200 847
2019-01-18 09:30:33,672 urllib3.connectionpool https://ansiwindows:5986 "POST /wsman HTTP/1.1" 200 753
2019-01-18 09:30:34,572 urllib3.connectionpool https://ansiwindows:5986 "POST /wsman HTTP/1.1" 200 998
2019-01-18 09:30:35,782 urllib3.connectionpool https://ansiwindows:5986 "POST /wsman HTTP/1.1" 200 2011
2019-01-18 09:30:35,795 urllib3.connectionpool https://ansiwindows:5986 "POST /wsman HTTP/1.1" 200 757
2019-01-18 09:30:35,821 urllib3.connectionpool https://ansiwindows:5986 "POST /wsman HTTP/1.1" 200 847
2019-01-18 09:30:37,299 urllib3.connectionpool https://ansiwindows:5986 "POST /wsman HTTP/1.1" 200 1911
2019-01-18 09:30:37,311 urllib3.connectionpool https://ansiwindows:5986 "POST /wsman HTTP/1.1" 200 757
2019-01-18 09:30:37,324 urllib3.connectionpool https://ansiwindows:5986 "POST /wsman HTTP/1.1" 200 602
2019-01-18 09:30:37,345 p=12199 u=dinesh |  ansiwindows | CHANGED => {
    "changed": true, 
    "checksum": "d0d0731f5a6da64309eee98d21a0203f552ee146", 
    "dest": "C:/ansible.txt", 
    "operation": "file_copy", 
    "original_basename": "hosts.yml", 
    "size": 470, 
    "src": "hosts.yml"
}
2019-01-18 09:30:47,110 urllib3.connectionpool Starting new HTTPS connection (1): ansiwindows:5986
2019-01-18 09:30:47,131 urllib3.connectionpool https://ansiwindows:5986 "POST /wsman HTTP/1.1" 401 0
2019-01-18 09:30:47,136 urllib3.connectionpool Resetting dropped connection: ansiwindows
2019-01-18 09:30:47,150 urllib3.connectionpool https://ansiwindows:5986 "POST /wsman HTTP/1.1" 401 0
2019-01-18 09:30:47,352 urllib3.connectionpool https://ansiwindows:5986 "POST /wsman HTTP/1.1" 200 1641
2019-01-18 09:30:47,380 urllib3.connectionpool https://ansiwindows:5986 "POST /wsman HTTP/1.1" 200 847
2019-01-18 09:30:48,661 urllib3.connectionpool https://ansiwindows:5986 "POST /wsman HTTP/1.1" 200 753
2019-01-18 09:30:49,530 urllib3.connectionpool https://ansiwindows:5986 "POST /wsman HTTP/1.1" 200 998
2019-01-18 09:30:50,985 urllib3.connectionpool https://ansiwindows:5986 "POST /wsman HTTP/1.1" 200 2067
2019-01-18 09:30:50,996 urllib3.connectionpool https://ansiwindows:5986 "POST /wsman HTTP/1.1" 200 757
2019-01-18 09:30:51,011 urllib3.connectionpool https://ansiwindows:5986 "POST /wsman HTTP/1.1" 200 602
2019-01-18 09:30:51,033 p=12209 u=dinesh |  ansiwindows | SUCCESS => {
    "changed": false, 
    "checksum": "d0d0731f5a6da64309eee98d21a0203f552ee146", 
    "dest": "C:/ansible.txt", 
    "operation": "file_copy", 
    "original_basename": "hosts.yml", 
    "size": 470, 
    "src": "hosts.yml"
}
